Without format
 [[6.00000000e-05 2.59262318e+01 5.49662478e+02 4.35322393e+02
  4.20367802e+02]
 [3.30334821e+02 2.04648634e+02 6.19270966e+02 2.99654674e+02
  2.66827275e+02]
 [6.21133833e+02 5.29142094e+02 1.34579945e+02 5.13578121e+02
  1.84439866e+02]
 [7.85335148e+02 8.53975293e+02 4.94236837e+02 8.46561485e+02
  7.96454770e+01]
 [5.05246090e+02 6.52865044e+01 4.28122328e+02 9.65309157e+01
  1.27159972e+02]] 

Temporary format with supression 
 [[  0.     25.926 549.662 435.322 420.368]
 [330.335 204.649 619.271 299.655 266.827]
 [621.134 529.142 134.58  513.578 184.44 ]
 [785.335 853.975 494.237 846.561  79.645]
 [505.246  65.287 428.122  96.531 127.16 ]] 

Temporary format without supression 
 [[6.000e-05 2.593e+01 5.497e+02 4.353e+02 4.204e+02]
 [3.303e+02 2.046e+02 6.193e+02 2.997e+02 2.668e+02]
 [6.211e+02 5.291e+02 1.346e+02 5.136e+02 1.844e+02]
 [7.853e+02 8.540e+02 4.942e+02 8.466e+02 7.965e+01]
 [5.052e+02 6.529e+01 4.281e+02 9.653e+01 1.272e+02]] 

Manual formatting
x.yf format means total "x" chars out of which "y" are decimals
Manual Formatting 10.3f with end=""
     0.000    25.926   549.662   435.322   420.368
   330.335   204.649   619.271   299.655   266.827
   621.134   529.142   134.580   513.578   184.440
   785.335   853.975   494.237   846.561    79.645
   505.246    65.287   428.122    96.531   127.160

Manual Formatting 08.3f with end=" "
0000.000 0025.926 0549.662 0435.322 0420.368 
0330.335 0204.649 0619.271 0299.655 0266.827 
0621.134 0529.142 0134.580 0513.578 0184.440 
0785.335 0853.975 0494.237 0846.561 0079.645 
0505.246 0065.287 0428.122 0096.531 0127.160 

Manual Formatting first two column with 7.2f and last three with 9.4f
x.yf format means total "x" chars out of which "y" are decimals
   0.00  25.93 549.6625 435.3224 420.3678
 330.33 204.65 619.2710 299.6547 266.8273
 621.13 529.14 134.5799 513.5781 184.4399
 785.34 853.98 494.2368 846.5615  79.6455
 505.25  65.29 428.1223  96.5309 127.1600
